<?xml version="1.0" encoding="UTF-8"?>
<!-- Generated by org.testng.reporters.JUnitXMLReporter -->
<testsuite ignored="0" hostname="Nandhini" failures="1" tests="5" name="Test Chrome" time="373.642" errors="0" timestamp="2022-12-07T12:03:39 IST">
  <testcase classname="com.qa.testscripts.TC_Amazon_Search_001" name="getTest" time="113.147"/>
  <testcase classname="com.qa.testscripts.TC_Amazon_Search_001" name="getTest" time="43.104"/>
  <testcase classname="com.qa.testscripts.TC_Amazon_Search_001" name="getTest" time="79.593"/>
  <testcase classname="com.qa.testscripts.TC_Amazon_Search_001" name="getTest" time="35.293"/>
  <testcase classname="com.qa.testscripts.TC_Amazon_Search_001" name="getTest" time="8.208">
    <failure type="org.openqa.selenium.NoSuchElementException" message="Cannot locate element with text: Vehicle
For documentation on this error, please visit: https://www.seleniumhq.org/exceptions/no_such_element.html
Build info: version: &amp;apos;3.141.59&amp;apos;, revision: &amp;apos;e82be7d358&amp;apos;, time: &amp;apos;2018-11-14T08:17:03&amp;apos;
System info: host: &amp;apos;NANDHINI&amp;apos;, ip: &amp;apos;192.168.43.111&amp;apos;, os.name: &amp;apos;Windows 10&amp;apos;, os.arch: &amp;apos;amd64&amp;apos;, os.version: &amp;apos;10.0&amp;apos;, java.version: &amp;apos;17.0.1&amp;apos;
Driver info: driver.version: unknown">
      <![CDATA[org.openqa.selenium.NoSuchElementException: Cannot locate element with text: Vehicle
For documentation on this error, please visit: https://www.seleniumhq.org/exceptions/no_such_element.html
Build info: version: '3.141.59', revision: 'e82be7d358', time: '2018-11-14T08:17:03'
System info: host: 'NANDHINI', ip: '192.168.43.111', os.name: 'Windows 10', os.arch: 'amd64', os.version: '10.0', java.version: '17.0.1'
Driver info: driver.version: unknown
at org.openqa.selenium.support.ui.Select.selectByVisibleText(Select.java:147)
at com.qa.testscripts.TC_Amazon_Search_001.getTest(TC_Amazon_Search_001.java:48)
at java.base/java.util.ArrayList.forEach(ArrayList.java:1511)
... Removed 27 stack frames]]>
    </failure>
  </testcase> <!-- getTest -->
</testsuite> <!-- Test Chrome -->
